  Using bundled DotNet SDK
  Log file: C:\Users\kkh3a\AppData\Local\UnrealBuildTool\Log.txt
  Using 'git status' to determine working set for adaptive non-unity build (C:\Users\kkh3a\Desktop\Univ_Project).
  Creating makefile for ProjectEditor (no existing makefile)
  Building ProjectEditor...
  Using Visual Studio 2019 14.29.30146 toolchain (C:\Program Files (x86)\Microsoft Visual Studio\2019\Community\VC\Tools\MSVC\14.29.30133) and Windows 10.0.20348.0 SDK (C:\Program Files (x86)\Windows Kits\10).
  [Adaptive Build] Excluded from Project unity file: Sunlight.cpp
  Determining max actions to execute in parallel (6 physical cores, 12 logical cores)
    Executing up to 6 processes, one per physical core
  Building 11 actions with 6 processes...
  [1/11] Resource Default.rc2
  [2/11] Compile SharedPCH.Engine.ShadowErrors.cpp
  [3/11] Compile Project.init.gen.cpp
  [4/11] Compile Project.cpp
  [5/11] Compile Sunlight.cpp
  [6/11] Compile Sunlight.gen.cpp
  [7/11] Compile ProjectGameModeBase.gen.cpp
  [8/11] Compile ProjectGameModeBase.cpp
  [9/11] Link UnrealEditor-Project.lib
     C:\Users\kkh3a\Desktop\Univ_Project\Project\Intermediate\Build\Win64\UnrealEditor\Development\Project\UnrealEditor-Project.lib 라이브러리 및 C:\Users\kkh3a\Desktop\Univ_Project\Project\Intermediate\Build\Win64\UnrealEditor\Development\Project\UnrealEditor-Project.exp 개체를 생성하고 있습니다.
  [10/11] Link UnrealEditor-Project.dll
     C:\Users\kkh3a\Desktop\Univ_Project\Project\Intermediate\Build\Win64\UnrealEditor\Development\Project\UnrealEditor-Project.suppressed.lib 라이브러리 및 C:\Users\kkh3a\Desktop\Univ_Project\Project\Intermediate\Build\Win64\UnrealEditor\Development\Project\UnrealEditor-Project.suppressed.exp 개체를 생성하고 있습니다.
  [11/11] WriteMetadata ProjectEditor.target
  Total time in Parallel executor: 26.56 seconds
  Total execution time: 28.17 seconds
